<?xml version="1.0" encoding="UTF-8"?>
<!-- Generated by org.testng.reporters.JUnitReportReporter -->
<testsuite skipped="0" hostname="PUN-ZKHAN01" name="io.swagger.pet.Test.SmokeTest" tests="9" failures="0" timestamp="2020-04-27T08:48:10 IST" time="54.625" errors="0">
  <testcase name="testUpdatePet" time="6.633" classname="io.swagger.pet.Test.SmokeTest"/>
  <system-out/>
  <testcase name="testUploadImage" time="6.835" classname="io.swagger.pet.Test.SmokeTest"/>
  <system-out/>
  <testcase name="updateStatus" time="6.567" classname="io.swagger.pet.Test.SmokeTest"/>
  <system-out/>
  <testcase name="updateName" time="6.696" classname="io.swagger.pet.Test.SmokeTest"/>
  <system-out/>
  <testcase name="updateNameAndStatus" time="6.638" classname="io.swagger.pet.Test.SmokeTest"/>
  <system-out/>
  <testcase name="testAddNewPet" time="3.879" classname="io.swagger.pet.Test.SmokeTest"/>
  <system-out/>
  <testcase name="testFindById" time="6.586" classname="io.swagger.pet.Test.SmokeTest"/>
  <system-out/>
  <testcase name="testDeleteById" time="6.705" classname="io.swagger.pet.Test.SmokeTest"/>
  <system-out/>
  <testcase name="testFindByStatus" time="4.086" classname="io.swagger.pet.Test.SmokeTest"/>
  <system-out/>
</testsuite> <!-- io.swagger.pet.Test.SmokeTest -->
